<?xml version="1.0" encoding="UTF-8"?>
<!-- Generated by org.testng.reporters.JUnitXMLReporter -->
<testsuite ignored="2" hostname="DESKTOP-CJA0QNI" failures="0" tests="2" name="Login Test" time="21.828" errors="0" timestamp="2023-07-27T17:56:20 IST">
  <testcase classname="com.cgi.test.LoginUITest" name="TitleTest" time="0.019"/>
  <testcase classname="com.cgi.test.LoginTest" name="validLoginTest" time="2.191"/>
  <testcase classname="com.cgi.test.LoginTest" name="invalidLoginTest" time="0.0">
    <ignored/>
  </testcase> <!-- invalidLoginTest -->
  <testcase classname="com.cgi.test.LoginUITest" name="headerTest" time="0.0">
    <ignored/>
  </testcase> <!-- headerTest -->
</testsuite> <!-- Login Test -->
